<?xml version="1.0" encoding="UTF-8"?>
<testsuite name="com.google.codelabs.mdc.java.shrine.ExampleUnitTest" tests="9" skipped="0" failures="0" errors="0" timestamp="2022-02-20T23:25:56" hostname="Camerons-MacBook-Air.local" time="0.003">
  <properties/>
  <testcase name="queryObject" classname="com.google.codelabs.mdc.java.shrine.ExampleUnitTest" time="0.001"/>
  <testcase name="filtert" classname="com.google.codelabs.mdc.java.shrine.ExampleUnitTest" time="0.0"/>
  <testcase name="showToolbar" classname="com.google.codelabs.mdc.java.shrine.ExampleUnitTest" time="0.0"/>
  <testcase name="retrieveData" classname="com.google.codelabs.mdc.java.shrine.ExampleUnitTest" time="0.0"/>
  <testcase name="addElementToStartofArray" classname="com.google.codelabs.mdc.java.shrine.ExampleUnitTest" time="0.0"/>
  <testcase name="processResponce" classname="com.google.codelabs.mdc.java.shrine.ExampleUnitTest" time="0.0"/>
  <testcase name="assignXaxisToData" classname="com.google.codelabs.mdc.java.shrine.ExampleUnitTest" time="0.0"/>
  <testcase name="processResponceError" classname="com.google.codelabs.mdc.java.shrine.ExampleUnitTest" time="0.0"/>
  <testcase name="formatDateAndTime" classname="com.google.codelabs.mdc.java.shrine.ExampleUnitTest" time="0.0"/>
  <system-out><![CDATA[]]></system-out>
  <system-err><![CDATA[]]></system-err>
</testsuite>
